This is pdfTeX, Version 3.141592653-2.6-1.40.22 (TeX Live 2021/W32TeX) (preloaded format=pdflatex 2021.4.12)  15 APR 2021 23:58
entering extended mode
 restricted \write18 enabled.
 %&-line parsing enabled.
**skills_ps_2.tex
(./skills_ps_2.tex
LaTeX2e <2020-10-01> patch level 4
L3 programming layer <2021-02-18>
(c:/Users/Notandi/AppData/Roaming/TinyTeX/texmf-dist/tex/latex/base/article.cls
Document Class: article 2020/04/10 v1.4m Standard LaTeX document class
(c:/Users/Notandi/AppData/Roaming/TinyTeX/texmf-dist/tex/latex/base/size10.clo
File: size10.clo 2020/04/10 v1.4m Standard LaTeX file (size option)
)
\c@part=\count179
\c@section=\count180
\c@subsection=\count181
\c@subsubsection=\count182
\c@paragraph=\count183
\c@subparagraph=\count184
\c@figure=\count185
\c@table=\count186
\abovecaptionskip=\skip47
\belowcaptionskip=\skip48
\bibindent=\dimen138
) (c:/Users/Notandi/AppData/Roaming/TinyTeX/texmf-dist/tex/latex/lm/lmodern.sty
Package: lmodern 2015/05/01 v1.6.1 Latin Modern Fonts
LaTeX Font Info:    Overwriting symbol font `operators' in version `normal'
(Font)                  OT1/cmr/m/n --> OT1/lmr/m/n on input line 22.
LaTeX Font Info:    Overwriting symbol font `letters' in version `normal'
(Font)                  OML/cmm/m/it --> OML/lmm/m/it on input line 23.
LaTeX Font Info:    Overwriting symbol font `symbols' in version `normal'
(Font)                  OMS/cmsy/m/n --> OMS/lmsy/m/n on input line 24.
LaTeX Font Info:    Overwriting symbol font `largesymbols' in version `normal'
(Font)                  OMX/cmex/m/n --> OMX/lmex/m/n on input line 25.
LaTeX Font Info:    Overwriting symbol font `operators' in version `bold'
(Font)                  OT1/cmr/bx/n --> OT1/lmr/bx/n on input line 26.
LaTeX Font Info:    Overwriting symbol font `letters' in version `bold'
(Font)                  OML/cmm/b/it --> OML/lmm/b/it on input line 27.
LaTeX Font Info:    Overwriting symbol font `symbols' in version `bold'
(Font)                  OMS/cmsy/b/n --> OMS/lmsy/b/n on input line 28.
LaTeX Font Info:    Overwriting symbol font `largesymbols' in version `bold'
(Font)                  OMX/cmex/m/n --> OMX/lmex/m/n on input line 29.
LaTeX Font Info:    Overwriting math alphabet `\mathbf' in version `normal'
(Font)                  OT1/cmr/bx/n --> OT1/lmr/bx/n on input line 31.
LaTeX Font Info:    Overwriting math alphabet `\mathsf' in version `normal'
(Font)                  OT1/cmss/m/n --> OT1/lmss/m/n on input line 32.
LaTeX Font Info:    Overwriting math alphabet `\mathit' in version `normal'
(Font)                  OT1/cmr/m/it --> OT1/lmr/m/it on input line 33.
LaTeX Font Info:    Overwriting math alphabet `\mathtt' in version `normal'
(Font)                  OT1/cmtt/m/n --> OT1/lmtt/m/n on input line 34.
LaTeX Font Info:    Overwriting math alphabet `\mathbf' in version `bold'
(Font)                  OT1/cmr/bx/n --> OT1/lmr/bx/n on input line 35.
LaTeX Font Info:    Overwriting math alphabet `\mathsf' in version `bold'
(Font)                  OT1/cmss/bx/n --> OT1/lmss/bx/n on input line 36.
LaTeX Font Info:    Overwriting math alphabet `\mathit' in version `bold'
(Font)                  OT1/cmr/bx/it --> OT1/lmr/bx/it on input line 37.
LaTeX Font Info:    Overwriting math alphabet `\mathtt' in version `bold'
(Font)                  OT1/cmtt/m/n --> OT1/lmtt/m/n on input line 38.
)
(c:/Users/Notandi/AppData/Roaming/TinyTeX/texmf-dist/tex/latex/amsfonts/amssymb
.sty
Package: amssymb 2013/01/14 v3.01 AMS font symbols

(c:/Users/Notandi/AppData/Roaming/TinyTeX/texmf-dist/tex/latex/amsfonts/amsfont
s.sty
Package: amsfonts 2013/01/14 v3.01 Basic AMSFonts support
\@emptytoks=\toks15
\symAMSa=\mathgroup4
\symAMSb=\mathgroup5
LaTeX Font Info:    Redeclaring math symbol \hbar on input line 98.
LaTeX Font Info:    Overwriting math alphabet `\mathfrak' in version `bold'
(Font)                  U/euf/m/n --> U/euf/b/n on input line 106.
))
(c:/Users/Notandi/AppData/Roaming/TinyTeX/texmf-dist/tex/latex/amsmath/amsmath.
sty
Package: amsmath 2020/09/23 v2.17i AMS math features
\@mathmargin=\skip49
For additional information on amsmath, use the `?' option.

(c:/Users/Notandi/AppData/Roaming/TinyTeX/texmf-dist/tex/latex/amsmath/amstext.
sty
Package: amstext 2000/06/29 v2.01 AMS text

(c:/Users/Notandi/AppData/Roaming/TinyTeX/texmf-dist/tex/latex/amsmath/amsgen.s
ty
File: amsgen.sty 1999/11/30 v2.0 generic functions
\@emptytoks=\toks16
\ex@=\dimen139
))
(c:/Users/Notandi/AppData/Roaming/TinyTeX/texmf-dist/tex/latex/amsmath/amsbsy.s
ty
Package: amsbsy 1999/11/29 v1.2d Bold Symbols
\pmbraise@=\dimen140
)
(c:/Users/Notandi/AppData/Roaming/TinyTeX/texmf-dist/tex/latex/amsmath/amsopn.s
ty
Package: amsopn 2016/03/08 v2.02 operator names
)
\inf@bad=\count187
LaTeX Info: Redefining \frac on input line 234.
\uproot@=\count188
\leftroot@=\count189
LaTeX Info: Redefining \overline on input line 399.
\classnum@=\count190
\DOTSCASE@=\count191
LaTeX Info: Redefining \ldots on input line 496.
LaTeX Info: Redefining \dots on input line 499.
LaTeX Info: Redefining \cdots on input line 620.
\Mathstrutbox@=\box47
\strutbox@=\box48
\big@size=\dimen141
LaTeX Font Info:    Redeclaring font encoding OML on input line 743.
LaTeX Font Info:    Redeclaring font encoding OMS on input line 744.
\macc@depth=\count192
\c@MaxMatrixCols=\count193
\dotsspace@=\muskip16
\c@parentequation=\count194
\dspbrk@lvl=\count195
\tag@help=\toks17
\row@=\count196
\column@=\count197
\maxfields@=\count198
\andhelp@=\toks18
\eqnshift@=\dimen142
\alignsep@=\dimen143
\tagshift@=\dimen144
\tagwidth@=\dimen145
\totwidth@=\dimen146
\lineht@=\dimen147
\@envbody=\toks19
\multlinegap=\skip50
\multlinetaggap=\skip51
\mathdisplay@stack=\toks20
LaTeX Info: Redefining \[ on input line 2923.
LaTeX Info: Redefining \] on input line 2924.
)
(c:/Users/Notandi/AppData/Roaming/TinyTeX/texmf-dist/tex/generic/iftex/ifxetex.
sty
Package: ifxetex 2019/10/25 v0.7 ifxetex legacy package. Use iftex instead.

(c:/Users/Notandi/AppData/Roaming/TinyTeX/texmf-dist/tex/generic/iftex/iftex.st
y
Package: iftex 2020/03/06 v1.0d TeX engine tests
))
(c:/Users/Notandi/AppData/Roaming/TinyTeX/texmf-dist/tex/generic/iftex/ifluatex
.sty
Package: ifluatex 2019/10/25 v1.5 ifluatex legacy package. Use iftex instead.
)
(c:/Users/Notandi/AppData/Roaming/TinyTeX/texmf-dist/tex/latex/base/fontenc.sty
Package: fontenc 2020/08/10 v2.0s Standard LaTeX package
LaTeX Font Info:    Trying to load font information for T1+lmr on input line 11
2.
(c:/Users/Notandi/AppData/Roaming/TinyTeX/texmf-dist/tex/latex/lm/t1lmr.fd
File: t1lmr.fd 2015/05/01 v1.6.1 Font defs for Latin Modern
))
(c:/Users/Notandi/AppData/Roaming/TinyTeX/texmf-dist/tex/latex/base/inputenc.st
y
Package: inputenc 2020/08/01 v1.3d Input encoding file
\inpenc@prehook=\toks21
\inpenc@posthook=\toks22
)
(c:/Users/Notandi/AppData/Roaming/TinyTeX/texmf-dist/tex/latex/base/textcomp.st
y
Package: textcomp 2020/02/02 v2.0n Standard LaTeX package
)
(c:/Users/Notandi/AppData/Roaming/TinyTeX/texmf-dist/tex/latex/xcolor/xcolor.st
y
Package: xcolor 2016/05/11 v2.12 LaTeX color extensions (UK)

(c:/Users/Notandi/AppData/Roaming/TinyTeX/texmf-dist/tex/latex/graphics-cfg/col
or.cfg
File: color.cfg 2016/01/02 v1.6 sample color configuration
)
Package xcolor Info: Driver file: pdftex.def on input line 225.

(c:/Users/Notandi/AppData/Roaming/TinyTeX/texmf-dist/tex/latex/graphics-def/pdf
tex.def
File: pdftex.def 2020/10/05 v1.2a Graphics/color driver for pdftex
)
Package xcolor Info: Model `cmy' substituted by `cmy0' on input line 1348.
Package xcolor Info: Model `hsb' substituted by `rgb' on input line 1352.
Package xcolor Info: Model `RGB' extended on input line 1364.
Package xcolor Info: Model `HTML' substituted by `rgb' on input line 1366.
Package xcolor Info: Model `Hsb' substituted by `hsb' on input line 1367.
Package xcolor Info: Model `tHsb' substituted by `hsb' on input line 1368.
Package xcolor Info: Model `HSB' substituted by `hsb' on input line 1369.
Package xcolor Info: Model `Gray' substituted by `gray' on input line 1370.
Package xcolor Info: Model `wave' substituted by `hsb' on input line 1371.
)
(c:/Users/Notandi/AppData/Roaming/TinyTeX/texmf-dist/tex/latex/hyperref/hyperre
f.sty
Package: hyperref 2021-02-27 v7.00k Hypertext links for LaTeX

(c:/Users/Notandi/AppData/Roaming/TinyTeX/texmf-dist/tex/generic/ltxcmds/ltxcmd
s.sty
Package: ltxcmds 2020-05-10 v1.25 LaTeX kernel commands for general use (HO)
)
(c:/Users/Notandi/AppData/Roaming/TinyTeX/texmf-dist/tex/generic/pdftexcmds/pdf
texcmds.sty
Package: pdftexcmds 2020-06-27 v0.33 Utility functions of pdfTeX for LuaTeX (HO
)

(c:/Users/Notandi/AppData/Roaming/TinyTeX/texmf-dist/tex/generic/infwarerr/infw
arerr.sty
Package: infwarerr 2019/12/03 v1.5 Providing info/warning/error messages (HO)
)
Package pdftexcmds Info: \pdf@primitive is available.
Package pdftexcmds Info: \pdf@ifprimitive is available.
Package pdftexcmds Info: \pdfdraftmode found.
)
(c:/Users/Notandi/AppData/Roaming/TinyTeX/texmf-dist/tex/latex/graphics/keyval.
sty
Package: keyval 2014/10/28 v1.15 key=value parser (DPC)
\KV@toks@=\toks23
)
(c:/Users/Notandi/AppData/Roaming/TinyTeX/texmf-dist/tex/generic/kvsetkeys/kvse
tkeys.sty
Package: kvsetkeys 2019/12/15 v1.18 Key value parser (HO)
)
(c:/Users/Notandi/AppData/Roaming/TinyTeX/texmf-dist/tex/generic/kvdefinekeys/k
vdefinekeys.sty
Package: kvdefinekeys 2019-12-19 v1.6 Define keys (HO)
)
(c:/Users/Notandi/AppData/Roaming/TinyTeX/texmf-dist/tex/generic/pdfescape/pdfe
scape.sty
Package: pdfescape 2019/12/09 v1.15 Implements pdfTeX's escape features (HO)
)
(c:/Users/Notandi/AppData/Roaming/TinyTeX/texmf-dist/tex/latex/hycolor/hycolor.
sty
Package: hycolor 2020-01-27 v1.10 Color options for hyperref/bookmark (HO)
)
(c:/Users/Notandi/AppData/Roaming/TinyTeX/texmf-dist/tex/latex/letltxmacro/letl
txmacro.sty
Package: letltxmacro 2019/12/03 v1.6 Let assignment for LaTeX macros (HO)
)
(c:/Users/Notandi/AppData/Roaming/TinyTeX/texmf-dist/tex/latex/auxhook/auxhook.
sty
Package: auxhook 2019-12-17 v1.6 Hooks for auxiliary files (HO)
)
(c:/Users/Notandi/AppData/Roaming/TinyTeX/texmf-dist/tex/latex/kvoptions/kvopti
ons.sty
Package: kvoptions 2020-10-07 v3.14 Key value format for package options (HO)
)
\@linkdim=\dimen148
\Hy@linkcounter=\count199
\Hy@pagecounter=\count266

(c:/Users/Notandi/AppData/Roaming/TinyTeX/texmf-dist/tex/latex/hyperref/pd1enc.
def
File: pd1enc.def 2021-02-27 v7.00k Hyperref: PDFDocEncoding definition (HO)
Now handling font encoding PD1 ...
... no UTF-8 mapping file for font encoding PD1
)
(c:/Users/Notandi/AppData/Roaming/TinyTeX/texmf-dist/tex/latex/hyperref/hyperre
f-langpatches.def
File: hyperref-langpatches.def 2021-02-27 v7.00k Hyperref: patches for babel la
nguages
)
(c:/Users/Notandi/AppData/Roaming/TinyTeX/texmf-dist/tex/generic/intcalc/intcal
c.sty
Package: intcalc 2019/12/15 v1.3 Expandable calculations with integers (HO)
)
(c:/Users/Notandi/AppData/Roaming/TinyTeX/texmf-dist/tex/generic/etexcmds/etexc
mds.sty
Package: etexcmds 2019/12/15 v1.7 Avoid name clashes with e-TeX commands (HO)
)
\Hy@SavedSpaceFactor=\count267

(c:/Users/Notandi/AppData/Roaming/TinyTeX/texmf-dist/tex/latex/hyperref/puenc.d
ef
File: puenc.def 2021-02-27 v7.00k Hyperref: PDF Unicode definition (HO)
Now handling font encoding PU ...
... no UTF-8 mapping file for font encoding PU
)
Package hyperref Info: Option `unicode' set `true' on input line 4073.
Package hyperref Info: Hyper figures OFF on input line 4192.
Package hyperref Info: Link nesting OFF on input line 4197.
Package hyperref Info: Hyper index ON on input line 4200.
Package hyperref Info: Plain pages OFF on input line 4207.
Package hyperref Info: Backreferencing OFF on input line 4212.
Package hyperref Info: Implicit mode ON; LaTeX internals redefined.
Package hyperref Info: Bookmarks ON on input line 4445.
\c@Hy@tempcnt=\count268
(c:/Users/Notandi/AppData/Roaming/TinyTeX/texmf-dist/tex/latex/url/url.sty
\Urlmuskip=\muskip17
Package: url 2013/09/16  ver 3.4  Verb mode for urls, etc.
)
LaTeX Info: Redefining \url on input line 4804.
\XeTeXLinkMargin=\dimen149

(c:/Users/Notandi/AppData/Roaming/TinyTeX/texmf-dist/tex/generic/bitset/bitset.
sty
Package: bitset 2019/12/09 v1.3 Handle bit-vector datatype (HO)

(c:/Users/Notandi/AppData/Roaming/TinyTeX/texmf-dist/tex/generic/bigintcalc/big
intcalc.sty
Package: bigintcalc 2019/12/15 v1.5 Expandable calculations on big integers (HO
)
))
\Fld@menulength=\count269
\Field@Width=\dimen150
\Fld@charsize=\dimen151
Package hyperref Info: Hyper figures OFF on input line 6075.
Package hyperref Info: Link nesting OFF on input line 6080.
Package hyperref Info: Hyper index ON on input line 6083.
Package hyperref Info: backreferencing OFF on input line 6090.
Package hyperref Info: Link coloring OFF on input line 6095.
Package hyperref Info: Link coloring with OCG OFF on input line 6100.
Package hyperref Info: PDF/A mode OFF on input line 6105.
LaTeX Info: Redefining \ref on input line 6145.
LaTeX Info: Redefining \pageref on input line 6149.

(c:/Users/Notandi/AppData/Roaming/TinyTeX/texmf-dist/tex/latex/base/atbegshi-lt
x.sty
Package: atbegshi-ltx 2020/08/17 v1.0a Emulation of the original atbegshi packa
ge
with kernel methods
)
\Hy@abspage=\count270
\c@Item=\count271
\c@Hfootnote=\count272
)
Package hyperref Info: Driver (autodetected): hpdftex.

(c:/Users/Notandi/AppData/Roaming/TinyTeX/texmf-dist/tex/latex/hyperref/hpdftex
.def
File: hpdftex.def 2021-02-27 v7.00k Hyperref driver for pdfTeX

(c:/Users/Notandi/AppData/Roaming/TinyTeX/texmf-dist/tex/latex/base/atveryend-l
tx.sty
Package: atveryend-ltx 2020/08/19 v1.0a Emulation of the original atvery packag
e
with kernel methods
)
\Fld@listcount=\count273
\c@bookmark@seq@number=\count274

(c:/Users/Notandi/AppData/Roaming/TinyTeX/texmf-dist/tex/latex/rerunfilecheck/r
erunfilecheck.sty
Package: rerunfilecheck 2019/12/05 v1.9 Rerun checks for auxiliary files (HO)

(c:/Users/Notandi/AppData/Roaming/TinyTeX/texmf-dist/tex/generic/uniquecounter/
uniquecounter.sty
Package: uniquecounter 2019/12/15 v1.4 Provide unlimited unique counter (HO)
)
Package uniquecounter Info: New unique counter `rerunfilecheck' on input line 2
86.
)
\Hy@SectionHShift=\skip52
)
(c:/Users/Notandi/AppData/Roaming/TinyTeX/texmf-dist/tex/latex/geometry/geometr
y.sty
Package: geometry 2020/01/02 v5.9 Page Geometry

(c:/Users/Notandi/AppData/Roaming/TinyTeX/texmf-dist/tex/generic/iftex/ifvtex.s
ty
Package: ifvtex 2019/10/25 v1.7 ifvtex legacy package. Use iftex instead.
)
\Gm@cnth=\count275
\Gm@cntv=\count276
\c@Gm@tempcnt=\count277
\Gm@bindingoffset=\dimen152
\Gm@wd@mp=\dimen153
\Gm@odd@mp=\dimen154
\Gm@even@mp=\dimen155
\Gm@layoutwidth=\dimen156
\Gm@layoutheight=\dimen157
\Gm@layouthoffset=\dimen158
\Gm@layoutvoffset=\dimen159
\Gm@dimlist=\toks24
)
(c:/Users/Notandi/AppData/Roaming/TinyTeX/texmf-dist/tex/latex/fancyvrb/fancyvr
b.sty
Package: fancyvrb 2021/01/20 v3.7 verbatim text (tvz,hv)
\FV@CodeLineNo=\count278
\FV@InFile=\read2
\FV@TabBox=\box49
\c@FancyVerbLine=\count279
\FV@StepNumber=\count280
\FV@OutFile=\write3
)
(c:/Users/Notandi/AppData/Roaming/TinyTeX/texmf-dist/tex/latex/framed/framed.st
y
Package: framed 2011/10/22 v 0.96: framed or shaded text with page breaks
\OuterFrameSep=\skip53
\fb@frw=\dimen160
\fb@frh=\dimen161
\FrameRule=\dimen162
\FrameSep=\dimen163
)
(c:/Users/Notandi/AppData/Roaming/TinyTeX/texmf-dist/tex/latex/graphics/graphic
x.sty
Package: graphicx 2020/09/09 v1.2b Enhanced LaTeX Graphics (DPC,SPQR)

(c:/Users/Notandi/AppData/Roaming/TinyTeX/texmf-dist/tex/latex/graphics/graphic
s.sty
Package: graphics 2020/08/30 v1.4c Standard LaTeX Graphics (DPC,SPQR)

(c:/Users/Notandi/AppData/Roaming/TinyTeX/texmf-dist/tex/latex/graphics/trig.st
y
Package: trig 2016/01/03 v1.10 sin cos tan (DPC)
)
(c:/Users/Notandi/AppData/Roaming/TinyTeX/texmf-dist/tex/latex/graphics-cfg/gra
phics.cfg
File: graphics.cfg 2016/06/04 v1.11 sample graphics configuration
)
Package graphics Info: Driver file: pdftex.def on input line 105.
)
\Gin@req@height=\dimen164
\Gin@req@width=\dimen165
)
(c:/Users/Notandi/AppData/Roaming/TinyTeX/texmf-dist/tex/latex/grffile/grffile.
sty
Package: grffile 2019/11/11 v2.1 Extended file name support for graphics (legac
y)
Package grffile Info: This package is an empty stub for compatibility on input 
line 40.
)
(c:/Users/Notandi/AppData/Roaming/TinyTeX/texmf-dist/tex/latex/l3backend/l3back
end-pdftex.def
File: l3backend-pdftex.def 2021-03-18 L3 backend support: PDF output (pdfTeX)
\l__color_backend_stack_int=\count281
\l__pdf_internal_box=\box50
)
No file skills_ps_2.aux.
\openout1 = `skills_ps_2.aux'.

LaTeX Font Info:    Checking defaults for OML/cmm/m/it on input line 107.
LaTeX Font Info:    ... okay on input line 107.
LaTeX Font Info:    Checking defaults for OMS/cmsy/m/n on input line 107.
LaTeX Font Info:    ... okay on input line 107.
LaTeX Font Info:    Checking defaults for OT1/cmr/m/n on input line 107.
LaTeX Font Info:    ... okay on input line 107.
LaTeX Font Info:    Checking defaults for T1/cmr/m/n on input line 107.
LaTeX Font Info:    ... okay on input line 107.
LaTeX Font Info:    Checking defaults for TS1/cmr/m/n on input line 107.
LaTeX Font Info:    ... okay on input line 107.
LaTeX Font Info:    Checking defaults for OMX/cmex/m/n on input line 107.
LaTeX Font Info:    ... okay on input line 107.
LaTeX Font Info:    Checking defaults for U/cmr/m/n on input line 107.
LaTeX Font Info:    ... okay on input line 107.
LaTeX Font Info:    Checking defaults for PD1/pdf/m/n on input line 107.
LaTeX Font Info:    ... okay on input line 107.
LaTeX Font Info:    Checking defaults for PU/pdf/m/n on input line 107.
LaTeX Font Info:    ... okay on input line 107.

(c:/Users/Notandi/AppData/Roaming/TinyTeX/texmf-dist/tex/latex/epstopdf-pkg/eps
topdf-base.sty
Package: epstopdf-base 2020-01-24 v2.11 Base part for package epstopdf
Package epstopdf-base Info: Redefining graphics rule for `.eps' on input line 4
85.

(c:/Users/Notandi/AppData/Roaming/TinyTeX/texmf-dist/tex/latex/latexconfig/epst
opdf-sys.cfg
File: epstopdf-sys.cfg 2010/07/13 v1.3 Configuration of (r)epstopdf for TeX Liv
e
))
Package hyperref Info: Link coloring OFF on input line 107.

(c:/Users/Notandi/AppData/Roaming/TinyTeX/texmf-dist/tex/latex/hyperref/nameref
.sty
Package: nameref 2021-04-02 v2.47 Cross-referencing by name of section

(c:/Users/Notandi/AppData/Roaming/TinyTeX/texmf-dist/tex/latex/refcount/refcoun
t.sty
Package: refcount 2019/12/15 v3.6 Data extraction from label references (HO)
)
(c:/Users/Notandi/AppData/Roaming/TinyTeX/texmf-dist/tex/generic/gettitlestring
/gettitlestring.sty
Package: gettitlestring 2019/12/15 v1.6 Cleanup title references (HO)
)
\c@section@level=\count282
)
LaTeX Info: Redefining \ref on input line 107.
LaTeX Info: Redefining \pageref on input line 107.
LaTeX Info: Redefining \nameref on input line 107.
\@outlinefile=\write4
\openout4 = `skills_ps_2.out'.

*geometry* driver: auto-detecting
*geometry* detected driver: pdftex
*geometry* verbose mode - [ preamble ] result:
* driver: pdftex
* paper: <default>
* layout: <same size as paper>
* layoutoffset:(h,v)=(0.0pt,0.0pt)
* modes: 
* h-part:(L,W,R)=(72.26999pt, 469.75502pt, 72.26999pt)
* v-part:(T,H,B)=(72.26999pt, 650.43001pt, 72.26999pt)
* \paperwidth=614.295pt
* \paperheight=794.96999pt
* \textwidth=469.75502pt
* \textheight=650.43001pt
* \oddsidemargin=0.0pt
* \evensidemargin=0.0pt
* \topmargin=-37.0pt
* \headheight=12.0pt
* \headsep=25.0pt
* \topskip=10.0pt
* \footskip=30.0pt
* \marginparwidth=65.0pt
* \marginparsep=11.0pt
* \columnsep=10.0pt
* \skip\footins=9.0pt plus 4.0pt minus 2.0pt
* \hoffset=0.0pt
* \voffset=0.0pt
* \mag=1000
* \@twocolumnfalse
* \@twosidefalse
* \@mparswitchfalse
* \@reversemarginfalse
* (1in=72.27pt=25.4mm, 1cm=28.453pt)

LaTeX Font Info:    Trying to load font information for OT1+lmr on input line 1
09.
(c:/Users/Notandi/AppData/Roaming/TinyTeX/texmf-dist/tex/latex/lm/ot1lmr.fd
File: ot1lmr.fd 2015/05/01 v1.6.1 Font defs for Latin Modern
)
LaTeX Font Info:    Trying to load font information for OML+lmm on input line 1
09.
(c:/Users/Notandi/AppData/Roaming/TinyTeX/texmf-dist/tex/latex/lm/omllmm.fd
File: omllmm.fd 2015/05/01 v1.6.1 Font defs for Latin Modern
)
LaTeX Font Info:    Trying to load font information for OMS+lmsy on input line 
109.
(c:/Users/Notandi/AppData/Roaming/TinyTeX/texmf-dist/tex/latex/lm/omslmsy.fd
File: omslmsy.fd 2015/05/01 v1.6.1 Font defs for Latin Modern
)
LaTeX Font Info:    Trying to load font information for OMX+lmex on input line 
109.
(c:/Users/Notandi/AppData/Roaming/TinyTeX/texmf-dist/tex/latex/lm/omxlmex.fd
File: omxlmex.fd 2015/05/01 v1.6.1 Font defs for Latin Modern
)
LaTeX Font Info:    External font `lmex10' loaded for size
(Font)              <12> on input line 109.
LaTeX Font Info:    External font `lmex10' loaded for size
(Font)              <8> on input line 109.
LaTeX Font Info:    External font `lmex10' loaded for size
(Font)              <6> on input line 109.
LaTeX Font Info:    Trying to load font information for U+msa on input line 109
.

(c:/Users/Notandi/AppData/Roaming/TinyTeX/texmf-dist/tex/latex/amsfonts/umsa.fd
File: umsa.fd 2013/01/14 v3.01 AMS symbols A
)
LaTeX Font Info:    Trying to load font information for U+msb on input line 109
.

(c:/Users/Notandi/AppData/Roaming/TinyTeX/texmf-dist/tex/latex/amsfonts/umsb.fd
File: umsb.fd 2013/01/14 v3.01 AMS symbols B
)
LaTeX Font Info:    Trying to load font information for T1+lmtt on input line 1
11.
(c:/Users/Notandi/AppData/Roaming/TinyTeX/texmf-dist/tex/latex/lm/t1lmtt.fd
File: t1lmtt.fd 2015/05/01 v1.6.1 Font defs for Latin Modern
)
LaTeX Font Info:    Font shape `T1/lmtt/bx/n' in size <10> not available
(Font)              Font shape `T1/lmtt/b/n' tried instead on input line 112.
[1

{c:/Users/Notandi/AppData/Roaming/TinyTeX/texmf-var/fonts/map/pdftex/updmap/pdf
tex.map}] [2]
<skills_ps_2_files/figure-latex/unnamed-chunk-3-1.pdf, id=28, 469.755pt x 325.2
15pt>
File: skills_ps_2_files/figure-latex/unnamed-chunk-3-1.pdf Graphic file (type p
df)
<use skills_ps_2_files/figure-latex/unnamed-chunk-3-1.pdf>
Package pdftex.def Info: skills_ps_2_files/figure-latex/unnamed-chunk-3-1.pdf  
used on input line 304.
(pdftex.def)             Requested size: 469.75386pt x 325.2142pt.
[3 <./skills_ps_2_files/figure-latex/unnamed-chunk-3-1.pdf>] [4] [5] [6] [7] [8
] [9] [10] [11] [12] [13] [14] [15] [16] [17] [18] [19] [20] [21] [22] [23] [24
] [25] [26] [27] [28] [29] [30] [31] [32] [33] [34] [35] [36] [37] [38] [39] [4
0] [41] [42] [43] [44] [45] [46] [47] [48] [49] [50] [51] [52] [53] [54] [55] [
56] [57] [58] [59] [60] [61] [62] [63] [64] [65] [66] [67] [68] [69] [70] [71] 
[72] [73] [74] [75] [76] [77] [78] [79] [80] [81] [82] [83] [84] [85] [86] [87]
[88] [89] [90] [91] [92] [93] [94] [95] [96] [97] [98] [99] [100] [101] [102] [
103] [104] [105] [106] [107] [108] [109] [110] [111] [112] [113] [114] [115] [1
16] [117] [118] [119] [120] [121] [122] [123] [124] [125] [126] [127] [128] [12
9] [130] [131] [132] [133] [134] [135] [136] [137] [138] [139] [140] [141] [142
] [143] [144] [145] [146] [147] [148] [149] [150] [151] [152] [153] [154] [155]
[156] [157] [158] [159] [160] [161] [162] [163] [164] [165] [166] [167] [168] [
169] [170] [171] [172] [173] [174] [175] [176] [177] [178] [179] [180] [181] [1
82] [183] [184] [185] [186] [187] [188] [189] [190] [191] [192] [193] [194] [19
5] [196] [197] [198] [199] [200] [201] [202] [203] [204] [205] [206] [207] [208
] [209] [210] [211] [212] [213] [214] [215] [216] [217] [218] [219] [220] [221]
[222] [223] [224] [225] [226] [227] [228] [229] [230] [231] [232] [233] [234] [
235] [236] [237] [238] [239] [240] [241] [242] [243] [244] [245] [246] [247] [2
48] [249] [250] [251] [252] [253] [254] [255] [256] [257] [258] [259] [260] [26
1] [262] [263] [264] [265] [266] [267] [268] [269] [270] [271] [272] [273] [274
] [275] [276] [277] [278] [279] [280] [281] [282] [283] [284] [285] [286] [287]
[288] [289] [290] [291] [292] [293] [294] [295] [296] [297] [298] [299] [300] [
301] [302] [303] [304] [305] [306] [307] [308] [309] [310] [311] [312] [313] [3
14] [315] [316] [317] [318] [319] [320] [321] [322] [323] [324] [325] [326] [32
7] [328] [329] [330] [331] [332] [333] [334] [335] [336] [337] [338] [339] [340
] [341] [342] [343] [344] [345] [346] [347] [348] [349] [350] [351] [352] [353]
[354] [355] [356] [357] [358] [359] [360] [361] [362] [363] [364] [365] [366] [
367] [368] [369] [370] [371] [372] [373] [374] [375] [376] [377] [378] [379] [3
80] [381] [382] [383] [384] [385] [386] [387] [388] [389] [390] [391] [392] [39
3] [394] [395] [396] [397] [398] [399] [400] [401] [402] [403] [404] [405] [406
] [407] [408] [409] [410] [411] [412] [413] [414] [415] [416] [417] [418] [419]
[420] [421] [422] [423] [424] [425] [426] [427] [428] [429] [430] [431] [432] [
433] [434] [435] [436] [437] [438] [439] [440] [441] [442] [443] [444] [445] [4
46] [447] [448] [449] [450] [451] [452] [453] [454] [455] [456] [457] [458] [45
9] [460] [461] [462] [463] [464] [465] [466] [467] [468] [469] [470] [471] [472
] [473] [474] [475] [476] [477] [478] [479] [480] [481] [482] [483] [484] [485]
[486] [487] [488] [489] [490] [491] [492] [493] [494] [495] [496] [497] [498] [
499] [500] [501] [502] [503] [504] [505] [506] [507] [508] [509] [510] [511] [5
12] [513] [514] [515] [516] [517] [518] [519] [520] [521] [522] [523] [524] [52
5] [526] [527] [528] [529] [530] [531] [532] [533] [534] [535] [536] [537] [538
] [539] [540] [541] [542] [543] [544] [545] [546] [547] [548] [549] [550] [551]
[552] [553] [554] [555] [556] [557] [558] [559] [560] [561] [562] [563] [564] [
565] [566] [567] [568] [569] [570] [571] [572] [573] [574] [575] [576] [577] [5
78] [579] [580] [581] [582] [583] [584] [585] [586] [587] [588] [589] [590] [59
1] [592] [593] [594] [595] [596] [597] [598] [599] [600] [601] [602] [603] [604
] [605] [606] [607] [608] [609] [610] [611] [612] [613] [614] [615] [616] [617]
[618] [619] [620] [621] [622] [623] [624] [625] [626] [627] [628] [629] [630] [
631] [632] [633] [634] [635] [636] [637] [638] [639] [640] [641] [642] [643] [6
44] [645] [646] [647] [648] [649] [650] [651] [652] [653] [654] [655] [656] [65
7] [658] [659] [660] [661] [662] [663] [664] [665] [666] [667] [668] [669] [670
] [671] [672] [673] [674] [675] [676] [677] [678] [679] [680] [681] [682] [683]
[684] [685] [686] [687] [688] [689] [690] [691] [692] [693] [694] [695] [696] [
697] [698] [699] [700] [701] [702] [703] [704] [705] [706] [707] [708] [709] [7
10] [711] [712] [713] [714] [715] [716] [717] [718] [719] [720] [721] [722] [72
3] [724] [725] [726] [727] [728] [729] [730] [731] [732] [733] [734] [735] [736
] [737] [738] [739] [740] [741] [742] [743] [744] [745] [746] [747] [748] [749]
[750] [751] [752] [753] [754] [755] [756] [757] [758] [759] [760] [761] [762] [
763] [764] [765] [766] [767] [768] [769] [770] [771] [772] [773] [774] [775] [7
76] [777] [778] [779] [780] [781] [782] [783] [784] [785] [786] [787] [788] [78
9] [790] [791] [792] [793] [794] [795] [796] [797] [798] [799] [800] [801] [802
] [803] [804] [805] [806] [807] [808] [809] [810] [811] [812] [813] [814] [815]
[816] [817] [818] [819] [820] [821] [822] [823] [824] [825] [826] [827] [828] [
829] [830] [831] [832] [833] [834] [835] [836] [837] [838] [839] [840] [841] [8
42] [843] [844] [845] [846] [847] [848] [849] [850] [851] [852] [853] [854] [85
5] [856] [857] [858] [859] [860] [861] [862] [863] [864] [865] [866] [867] [868
] [869] [870] [871] [872] [873] [874] [875] [876] [877] [878] [879] [880] [881]
[882] [883] [884] [885] [886] [887] [888] [889] [890] [891] [892] [893] [894] [
895] [896] [897] [898] [899] [900] [901] [902] [903] [904] [905] [906] [907] [9
08] [909] [910] [911] [912] [913] [914] [915] [916] [917] [918] [919] [920] [92
1] [922] [923] [924] [925] [926] [927] [928] [929] [930] [931] [932] [933] [934
] [935] [936] [937] [938] [939] [940] [941] [942] [943] [944] [945] [946] [947]
[948] [949] [950] [951] [952] [953] [954] [955] [956] [957] [958] [959] [960] [
961] [962] [963] [964] [965] [966] [967] [968] [969] [970] [971] [972] [973] [9
74] [975] [976] [977] [978] [979] [980] [981] [982] [983] [984] [985] [986] [98
7] [988] [989] [990] [991] [992] [993] [994] [995] [996] [997] [998] [999] [100
0] [1001] [1002] [1003] [1004] [1005] [1006] [1007] [1008] [1009] [1010] [1011]
[1012] [1013] [1014] [1015] [1016] [1017] [1018] [1019] [1020] [1021] [1022] [1
023] [1024] [1025] [1026] [1027] [1028] [1029] [1030] [1031] [1032] [1033] [103
4] [1035] [1036] [1037] [1038] [1039] [1040] [1041] [1042] [1043] [1044] [1045]
[1046] [1047] [1048] [1049] [1050] [1051] [1052] [1053] [1054] [1055] [1056] [1
057] [1058] [1059] [1060] [1061] [1062] [1063] [1064] [1065] [1066] [1067] [106
8] [1069] [1070] [1071] [1072] [1073] [1074] [1075] [1076] [1077] [1078] [1079]
[1080] [1081] [1082] [1083] [1084] [1085] [1086] [1087] [1088] [1089] [1090] [1
091] [1092] [1093] [1094] [1095] [1096] [1097] [1098] [1099] [1100] [1101] [110
2] [1103] [1104] [1105] [1106] [1107] [1108] [1109] [1110] [1111] [1112] [1113]
[1114] [1115] [1116] [1117] [1118] [1119] [1120] [1121] [1122] [1123] [1124] [1
125] [1126] [1127] [1128] [1129] [1130] [1131] [1132] [1133] [1134] [1135] [113
6] [1137] [1138] [1139] [1140] [1141] [1142] [1143] [1144] [1145] [1146] [1147]
[1148] [1149] [1150] [1151] [1152] [1153] [1154] [1155] [1156] [1157] [1158] [1
159] [1160] [1161] [1162] [1163] [1164] [1165] [1166] [1167] [1168] [1169] [117
0] [1171] [1172] [1173] [1174] [1175] [1176] [1177] [1178] [1179] [1180] [1181]
[1182] [1183] [1184] [1185] [1186] [1187] [1188] [1189] [1190] [1191] [1192] [1
193] [1194] [1195] [1196] [1197] [1198] [1199] [1200] [1201] [1202] [1203] [120
4] [1205] [1206] [1207] [1208] [1209] [1210] [1211] [1212] [1213] [1214] [1215]
[1216] [1217] [1218] [1219] [1220] [1221] [1222] [1223] [1224] [1225] [1226] [1
227] [1228] [1229] [1230] [1231] [1232] [1233] [1234] [1235] [1236] [1237] [123
8] [1239] [1240] [1241] [1242] [1243] [1244] [1245] [1246] [1247] [1248] [1249]
[1250] [1251] [1252] [1253] [1254] [1255] [1256] [1257] [1258] [1259] [1260] [1
261] [1262] [1263] [1264] [1265] [1266] [1267] [1268] [1269] [1270] [1271] [127
2] [1273] [1274] [1275] [1276] [1277] [1278] [1279] [1280] [1281] [1282] [1283]
[1284] [1285] [1286] [1287] [1288] [1289] [1290] [1291] [1292] [1293] [1294] [1
295] [1296] [1297] [1298] [1299] [1300] [1301] [1302] [1303] [1304] [1305] [130
6] [1307] [1308] [1309] [1310] [1311] [1312] [1313] [1314] [1315] [1316] [1317]
[1318] [1319] [1320] [1321] [1322] [1323] [1324] [1325] [1326] [1327] [1328] [1
329] [1330] [1331] [1332] [1333] [1334] [1335] [1336] [1337] [1338] [1339] [134
0] [1341] [1342] [1343] [1344] [1345] [1346] [1347] [1348] [1349] [1350] [1351]
[1352] [1353] [1354] [1355] [1356] [1357] [1358] [1359] [1360] [1361] [1362] [1
363] [1364] [1365] [1366] [1367] [1368] [1369] [1370] [1371] [1372] [1373] [137
4] [1375] [1376] [1377] [1378] [1379] [1380] [1381] [1382] [1383] [1384] [1385]
[1386] [1387] [1388] [1389] [1390] [1391] [1392] [1393] [1394] [1395] [1396] [1
397] [1398] [1399] [1400] [1401] [1402] [1403] [1404] [1405] [1406] [1407] [140
8] [1409] [1410] [1411] [1412] [1413] [1414] [1415] [1416] [1417] [1418] [1419]
[1420] [1421] [1422] [1423] [1424] [1425] [1426] [1427] [1428] [1429] [1430] [1
431] [1432] [1433] [1434] [1435] [1436] [1437] [1438] [1439] [1440] [1441] [144
2] [1443] [1444] [1445] [1446] [1447] [1448] [1449] [1450] [1451] [1452] [1453]
[1454] [1455] [1456] [1457] [1458] [1459] [1460] [1461] [1462] [1463] [1464] [1
465] [1466] [1467] [1468] [1469] [1470] [1471] [1472] [1473] [1474] [1475] [147
6] [1477] [1478] [1479] [1480] [1481] [1482] [1483] [1484] [1485] [1486] [1487]
[1488] [1489] [1490] [1491] [1492] [1493] [1494] [1495] [1496] [1497] [1498] [1
499] [1500] [1501] [1502] [1503] [1504] [1505] [1506] [1507] [1508] [1509] [151
0] [1511] [1512] [1513] [1514] [1515] [1516] [1517] [1518] [1519] [1520] [1521]
[1522] [1523] [1524] [1525] [1526] [1527] [1528] [1529] [1530] [1531] [1532] [1
533] [1534] [1535] [1536] [1537] [1538] [1539] [1540] [1541] [1542] [1543] [154
4] [1545] [1546] [1547] [1548] [1549] [1550] [1551] [1552] [1553] [1554] [1555]
[1556] [1557] [1558] [1559] [1560] [1561] [1562] [1563] [1564] [1565] [1566] [1
567] [1568] [1569] [1570] [1571] [1572] [1573] [1574] [1575] [1576] [1577] [157
8] [1579] [1580] [1581] [1582] [1583] [1584] [1585] [1586] [1587] [1588] [1589]
[1590] [1591] [1592] [1593] [1594] [1595] [1596] [1597] [1598] [1599] [1600] [1
601] [1602] [1603] [1604] [1605] [1606] [1607] [1608] [1609] [1610] [1611] [161
2] [1613] [1614] [1615] [1616] [1617] [1618] [1619] [1620] [1621] [1622] [1623]
[1624] [1625] [1626] [1627] [1628] [1629] [1630] [1631] [1632] [1633] [1634] [1
635] [1636] [1637] [1638] [1639] [1640] [1641] [1642] [1643] [1644] [1645] [164
6] [1647] [1648] [1649] [1650] [1651] [1652] [1653] [1654] [1655] [1656] [1657]
[1658] [1659] [1660] [1661] [1662] [1663] [1664] [1665] [1666] [1667] [1668] [1
669] [1670] [1671] [1672] [1673] [1674] [1675] [1676] [1677] [1678] [1679] [168
0] [1681] [1682] [1683] [1684] [1685] [1686] [1687] [1688] [1689] [1690] [1691]
[1692] [1693] [1694] [1695] [1696] [1697] [1698] [1699] [1700] [1701] [1702] [1
703] [1704] [1705] [1706] [1707] [1708] [1709] [1710] [1711] [1712] [1713] [171
4] [1715] [1716] [1717] [1718] [1719] [1720] [1721] [1722] [1723] [1724] [1725]
[1726] [1727] [1728] [1729] [1730] [1731] [1732] [1733] [1734] [1735] [1736] [1
737] [1738] [1739] [1740] [1741] [1742] [1743] [1744] [1745] [1746] [1747] [174
8] [1749] [1750] [1751] [1752] [1753] [1754] [1755] [1756] [1757] [1758] [1759]
[1760] [1761] [1762] [1763] [1764] [1765] [1766] [1767] [1768] [1769] [1770] [1
771] [1772] [1773] [1774] [1775] [1776] [1777] [1778] [1779] [1780] [1781] [178
2] [1783] [1784] [1785] [1786] [1787] [1788] [1789] [1790] [1791] [1792] [1793]
[1794] [1795] [1796] [1797] [1798] [1799] [1800] [1801] [1802] [1803] [1804] [1
805] [1806] [1807] [1808] [1809] [1810] [1811] [1812] [1813] [1814] [1815] [181
6] [1817] [1818] [1819] [1820] [1821] [1822] [1823] [1824] [1825] [1826] [1827]
[1828] [1829] [1830] [1831] [1832] [1833] [1834] [1835] [1836] [1837] [1838] [1
839] [1840] [1841] [1842] [1843] [1844] [1845] [1846] [1847] [1848] [1849] [185
0] [1851] [1852] [1853] [1854] [1855] [1856] [1857] [1858] [1859] [1860] [1861]
[1862] [1863] [1864] [1865] [1866] [1867] [1868] [1869] [1870] [1871] [1872] [1
873] [1874] [1875] [1876] [1877] [1878] [1879] [1880] [1881] [1882] [1883] [188
4] [1885] [1886] [1887] [1888] [1889] [1890] [1891] [1892] [1893] [1894] [1895]
[1896] [1897] [1898] [1899] [1900] [1901] [1902] [1903] [1904] [1905] [1906] [1
907] [1908] [1909] [1910] [1911] [1912] [1913] [1914] [1915] [1916] [1917] [191
8] [1919] [1920] [1921] [1922] [1923] [1924] [1925] [1926] [1927] [1928] [1929]
[1930] [1931] [1932] [1933] [1934] [1935] [1936] [1937] [1938] [1939] [1940] [1
941] [1942] [1943] [1944] [1945] [1946] [1947] [1948] [1949] [1950] [1951] [195
2] [1953] [1954] [1955] [1956] [1957] [1958] [1959] [1960] [1961] [1962] [1963]
[1964] [1965] [1966] [1967] [1968] [1969] [1970] [1971] [1972] [1973] [1974] [1
975] [1976] [1977] [1978] [1979] [1980] [1981] [1982] [1983] [1984] [1985] [198
6] [1987] [1988] [1989] [1990] [1991] [1992] [1993] [1994] [1995] [1996] [1997]
[1998] [1999] [2000] [2001] [2002] [2003] [2004] [2005] [2006] [2007] [2008] [2
009] [2010] [2011] [2012] [2013] [2014] [2015] [2016] [2017] [2018] [2019] [202
0] [2021] [2022] [2023] [2024] [2025] [2026] [2027] [2028] [2029] [2030] [2031]
[2032] [2033] [2034] [2035] [2036] [2037] [2038] [2039] [2040] [2041] [2042] [2
043] [2044] [2045] [2046] [2047] [2048] [2049] [2050] [2051] [2052] [2053] [205
4] [2055] [2056] [2057] [2058] [2059] [2060] [2061] [2062] [2063] [2064] [2065]
[2066] [2067] [2068] [2069] [2070] [2071] [2072] [2073] [2074] [2075] [2076] [2
077] [2078] [2079] [2080] [2081] [2082] [2083] [2084] [2085] [2086] [2087] [208
8] [2089] [2090] [2091] [2092] [2093] [2094] [2095] [2096] [2097] [2098] [2099]
[2100] [2101] [2102] [2103] [2104] [2105] [2106] [2107] [2108] [2109] [2110] [2
111] [2112] [2113] [2114] [2115] [2116] [2117] [2118] [2119] [2120] [2121] [212
2] [2123] [2124] [2125] [2126] [2127] [2128] [2129] [2130] [2131] [2132] [2133]
[2134] [2135] [2136] [2137] [2138] [2139] [2140] [2141] [2142] [2143] [2144] [2
145] [2146] [2147] [2148] [2149] [2150] [2151] [2152] [2153] [2154] [2155] [215
6] [2157] [2158] [2159]
LaTeX Font Info:    External font `lmex10' loaded for size
(Font)              <10> on input line 116878.
LaTeX Font Info:    External font `lmex10' loaded for size
(Font)              <7> on input line 116878.
LaTeX Font Info:    External font `lmex10' loaded for size
(Font)              <5> on input line 116878.
! You can't use `macro parameter character #' in math mode.
l.116878 ...(how to make other columns go away??"#
                                                  \) 3.3 
Here is how much of TeX's memory you used:
 12542 strings out of 480954
 171045 string characters out of 5905582
 1743030 words of memory out of 5000000
 27426 multiletter control sequences out of 15000+600000
 441944 words of font info for 65 fonts, out of 8000000 for 9000
 14 hyphenation exceptions out of 8191
 71i,6n,74p,375b,465s stack positions out of 5000i,500n,10000p,200000b,80000s

!  ==> Fatal error occurred, no output PDF file produced!
